Base path: C:/Program Files/Unity/Editor/Data
Cmd: initializeCompiler
Cmd: preprocess
  insize=1459 outsize=461 ok=1
Cmd: preprocess
  insize=452 outsize=452 ok=1
Cmd: preprocess
  insize=1461 outsize=703 ok=1
Cmd: preprocess
  insize=1683 outsize=1876 ok=1
Cmd: preprocess
  error: 2 plat 21 at (2): failed to open source file: 'HLSLSupport.cginc'
  error: 2 plat 21 at (6): failed to open source file: 'UnityShaderVariables.cginc'
  error: 2 plat 21 at (7): failed to open source file: 'UnityShaderUtilities.cginc'
  error: 2 plat 21 at (8): failed to open source file: 'Lighting.cginc'
  error: 2 plat 21 at (9): failed to open source file: 'UnityCG.cginc'
  error: 2 plat 21 at (10): failed to open source file: 'Lighting.cginc'
  error: 2 plat 21 at (130): Unexpected token . Expected one of: typedef const void inline uniform nointerpolation extern shared static volatile row_major column_major struct sampler or a user-defined type
  error: 2 plat 21 at (142): failed to open source file: 'Assets/OvrAvatar/Content/Materials/AvatarMaterialStateShader.cginc'
  insize=5890 outsize=5711 ok=0
Cmd: preprocess
  insize=935 outsize=368 ok=1
Cmd: preprocess
  insize=2344 outsize=815 ok=1
Cmd: preprocess
  insize=1079 outsize=340 ok=1
Cmd: preprocess
  insize=1518 outsize=1820 ok=1
Cmd: preprocess
  insize=1097 outsize=957 ok=1
Cmd: preprocess
  insize=2776 outsize=1173 ok=1
Cmd: preprocess
  insize=807 outsize=212 ok=1
Cmd: preprocess
  insize=1637 outsize=638 ok=1
Cmd: preprocess
  insize=1155 outsize=450 ok=1
Cmd: preprocess
  insize=2949 outsize=1143 ok=1
Cmd: preprocess
  insize=1654 outsize=704 ok=1
Cmd: preprocess
  insize=1521 outsize=496 ok=1
Cmd: preprocess
  insize=336 outsize=336 ok=1
Cmd: preprocess
  error: 2 plat 21 at (2): failed to open source file: 'HLSLSupport.cginc'
  error: 2 plat 21 at (6): failed to open source file: 'UnityShaderVariables.cginc'
  error: 2 plat 21 at (7): failed to open source file: 'UnityShaderUtilities.cginc'
  error: 2 plat 21 at (8): failed to open source file: 'Lighting.cginc'
  error: 2 plat 21 at (9): failed to open source file: 'UnityCG.cginc'
  error: 2 plat 21 at (10): failed to open source file: 'Lighting.cginc'
  error: 2 plat 21 at (102): Unexpected token . Expected one of: typedef const void inline uniform nointerpolation extern shared static volatile row_major column_major struct sampler or a user-defined type
  error: 2 plat 21 at (115): failed to open source file: 'Assets/OvrAvatar/Content/Materials/AvatarMaterialStateShader.cginc'
  insize=5427 outsize=5574 ok=0
Cmd: preprocess
  insize=1004 outsize=1807 ok=1
Cmd: preprocess
  insize=1730 outsize=949 ok=1
Cmd: preprocess
  insize=1371 outsize=372 ok=1
Cmd: preprocess
  insize=450 outsize=447 ok=1
Cmd: preprocess
  insize=1745 outsize=1632 ok=1
Cmd: initializeCompiler
Cmd: initializeCompiler
